<?xml version="1.0" encoding="UTF-8"?>
<!-- Generated by org.testng.reporters.JUnitReportReporter -->
<testsuite hostname="LT-59" failures="0" tests="2" name="co.formfox.mcp.order.OrderTest" time="3.566" errors="0" timestamp="10 Sep 2018 09:56:08 GMT" skipped="0">
  <testcase classname="co.formfox.mcp.order.OrderTest" name="testLoginFunctionality" time="3.389"/>
  <testcase classname="co.formfox.mcp.order.OrderTest" name="testLogoutFunctionality" time="0.177"/>
</testsuite> <!-- co.formfox.mcp.order.OrderTest -->
