<?xml version="1.0" encoding="UTF-8"?>
<!-- Generated by org.testng.reporters.JUnitReportReporter -->
<testsuite hostname="LT-59" failures="0" tests="3" name="co.formfox.mcp.testCases.OrderTestCase" time="78.362" errors="0" timestamp="19 Sep 2018 09:56:47 GMT" skipped="0">
  <testcase classname="co.formfox.mcp.testCases.OrderTestCase" name="orderPage1" time="78.268"/>
  <testcase classname="co.formfox.mcp.testCases.OrderTestCase" name="orderPage3" time="0.047"/>
  <testcase classname="co.formfox.mcp.testCases.OrderTestCase" name="orderPage2" time="0.047"/>
</testsuite> <!-- co.formfox.mcp.testCases.OrderTestCase -->
