<?xml version="1.0" encoding="UTF-8"?>
<!-- Generated by org.testng.reporters.JUnitReportReporter -->
<testsuite hostname="LT-59" failures="0" tests="3" name="co.formfox.mcp.testCases.OrderTestCase" time="77.890" errors="0" timestamp="21 Sep 2018 09:28:48 GMT" skipped="0">
  <testcase classname="co.formfox.mcp.testCases.OrderTestCase" name="orderPage2" time="0.004"/>
  <testcase classname="co.formfox.mcp.testCases.OrderTestCase" name="orderPage1" time="77.878"/>
  <testcase classname="co.formfox.mcp.testCases.OrderTestCase" name="orderPage3" time="0.008"/>
</testsuite> <!-- co.formfox.mcp.testCases.OrderTestCase -->
