<?xml version="1.0" encoding="UTF-8"?>
<!-- Generated by org.testng.reporters.JUnitReportReporter -->
<testsuite hostname="LT-59" failures="0" tests="1" name="co.formfox.mcp.testCases.TrackingCase" time="31.319" errors="0" timestamp="28 Nov 2018 15:30:07 GMT" skipped="0">
  <testcase classname="co.formfox.mcp.testCases.TrackingCase" name="Tracking" time="31.319"/>
</testsuite> <!-- co.formfox.mcp.testCases.TrackingCase -->
