<?xml version="1.0" encoding="UTF-8"?>
<!-- Generated by org.testng.reporters.JUnitReportReporter -->
<testsuite hostname="LT-59" failures="0" tests="1" name="co.formfox.mcp.testCases.LogoutCase" time="5.436" errors="0" timestamp="26 Nov 2018 15:55:01 GMT" skipped="0">
  <testcase classname="co.formfox.mcp.testCases.LogoutCase" name="logout" time="5.436"/>
</testsuite> <!-- co.formfox.mcp.testCases.LogoutCase -->
