<?xml version="1.0" encoding="UTF-8"?>
<!-- Generated by org.testng.reporters.JUnitReportReporter -->
<testsuite hostname="LT-59" failures="0" tests="2" name="co.formfox.mcp.order.LoginAndLogout" time="3.597" errors="0" timestamp="10 Sep 2018 13:38:07 GMT" skipped="0">
  <testcase classname="co.formfox.mcp.order.LoginAndLogout" name="testLoginFunctionality" time="3.408"/>
  <testcase classname="co.formfox.mcp.order.LoginAndLogout" name="testLogoutFunctionality" time="0.189"/>
</testsuite> <!-- co.formfox.mcp.order.LoginAndLogout -->
