<?xml version="1.0" encoding="UTF-8"?>
<!-- Generated by org.testng.reporters.JUnitReportReporter -->
<testsuite hostname="LT-59" failures="0" tests="1" name="co.formfox.mcp.testCases.LoginCase" time="25.680" errors="0" timestamp="26 Nov 2018 15:55:01 GMT" skipped="0">
  <testcase classname="co.formfox.mcp.testCases.LoginCase" name="login" time="25.680"/>
</testsuite> <!-- co.formfox.mcp.testCases.LoginCase -->
