<?xml version="1.0" encoding="UTF-8"?>
<!-- Generated by org.testng.reporters.JUnitReportReporter -->
<testsuite hostname="LT-59" failures="0" tests="2" name="co.formfox.mcp.order.LoginAndLogout" time="19.504" errors="0" timestamp="11 Sep 2018 08:39:23 GMT" skipped="0">
  <testcase classname="co.formfox.mcp.order.LoginAndLogout" name="testLoginFunctionality" time="16.137"/>
  <testcase classname="co.formfox.mcp.order.LoginAndLogout" name="testLogoutFunctionality" time="3.367"/>
</testsuite> <!-- co.formfox.mcp.order.LoginAndLogout -->
