<?xml version="1.0" encoding="UTF-8"?>
<!-- Generated by org.testng.reporters.JUnitReportReporter -->
<testsuite hostname="LT-59" failures="0" tests="3" name="co.formfox.mcp.order.Order" time="0.010" errors="0" timestamp="10 Sep 2018 13:36:39 GMT" skipped="0">
  <testcase classname="co.formfox.mcp.order.Order" name="orderPage3" time="0.004"/>
  <testcase classname="co.formfox.mcp.order.Order" name="orderPage1" time="0.002"/>
  <testcase classname="co.formfox.mcp.order.Order" name="orderPage2" time="0.004"/>
</testsuite> <!-- co.formfox.mcp.order.Order -->
